V2.9.11
    Added:
        changelog.log
        
    Changed:
        Client.setStatus now has default params

V2.10.11
    Added:
        Docs link to README.md

    Changed:
        Structure of docs.md

    Removed:
        The default option in the status enum

V3.0.0
    Changed:
        Overhaul to the structure of self.js

V3.1.0
    Added:
        Webhooks can now send files
        Client.getUserProfile to fetch user profiles
        Client.createServer to create a server
    
    Changed:
        Client.getUser now gets the actual user instead of their profile